<?xml version="1.0" encoding="UTF-8"?>
<coverage generated="1647056234960" clover="3.2.0">
  <project timestamp="1647056234960" name="All files">
    <metrics statements="14" coveredstatements="14" conditionals="15" coveredconditionals="15" methods="7" coveredmethods="7" elements="36" coveredelements="36" complexity="0" loc="14" ncloc="14" packages="1" files="1" classes="1"/>
    <file name="utils.js" path="/Users/williamberquist/Desktop/Software Design COSC 4353/assignment 3/COSC4353Project/utils.js">
      <metrics statements="14" coveredstatements="14" conditionals="15" coveredconditionals="15" methods="7" coveredmethods="7"/>
      <line num="4" count="5" type="stmt"/>
      <line num="8" count="7" type="stmt"/>
      <line num="12" count="2" type="cond" truecount="3" falsecount="0"/>
      <line num="16" count="3" type="cond" truecount="3" falsecount="0"/>
      <line num="20" count="2" type="cond" truecount="7" falsecount="0"/>
      <line num="24" count="2" type="cond" truecount="2" falsecount="0"/>
      <line num="28" count="1" type="stmt"/>
      <line num="31" count="1" type="stmt"/>
      <line num="32" count="1" type="stmt"/>
      <line num="33" count="1" type="stmt"/>
      <line num="34" count="1" type="stmt"/>
      <line num="35" count="1" type="stmt"/>
      <line num="36" count="1" type="stmt"/>
      <line num="37" count="1" type="stmt"/>
    </file>
  </project>
</coverage>
