{"/Users/williamberquist/Desktop/Software Design COSC 4353/assignment 3/COSC4353Project/utils.js": {"path":"/Users/williamberquist/Desktop/Software Design COSC 4353/assignment 3/COSC4353Project/utils.js","statementMap":{"0":{"start":{"line":1,"column":12},"end":{"line":1,"column":35}},"1":{"start":{"line":5,"column":2},"end":{"line":5,"column":53}},"2":{"start":{"line":9,"column":2},"end":{"line":9,"column":51}},"3":{"start":{"line":13,"column":2},"end":{"line":17,"column":4}},"4":{"start":{"line":21,"column":2},"end":{"line":25,"column":4}},"5":{"start":{"line":29,"column":2},"end":{"line":37,"column":4}},"6":{"start":{"line":41,"column":2},"end":{"line":41,"column":77}},"7":{"start":{"line":45,"column":2},"end":{"line":50,"column":3}},"8":{"start":{"line":46,"column":4},"end":{"line":46,"column":49}},"9":{"start":{"line":48,"column":4},"end":{"line":48,"column":21}},"10":{"start":{"line":49,"column":4},"end":{"line":49,"column":16}},"11":{"start":{"line":54,"column":2},"end":{"line":54,"column":38}},"12":{"start":{"line":58,"column":22},"end":{"line":58,"column":25}},"13":{"start":{"line":59,"column":24},"end":{"line":59,"column":27}},"14":{"start":{"line":60,"column":15},"end":{"line":60,"column":60}},"15":{"start":{"line":61,"column":24},"end":{"line":61,"column":44}},"16":{"start":{"line":62,"column":20},"end":{"line":62,"column":53}},"17":{"start":{"line":63,"column":2},"end":{"line":63,"column":40}},"18":{"start":{"line":66,"column":0},"end":{"line":66,"column":48}},"19":{"start":{"line":67,"column":0},"end":{"line":67,"column":42}},"20":{"start":{"line":68,"column":0},"end":{"line":68,"column":46}},"21":{"start":{"line":69,"column":0},"end":{"line":69,"column":58}},"22":{"start":{"line":70,"column":0},"end":{"line":70,"column":28}},"23":{"start":{"line":71,"column":0},"end":{"line":71,"column":58}},"24":{"start":{"line":72,"column":0},"end":{"line":72,"column":58}},"25":{"start":{"line":73,"column":0},"end":{"line":73,"column":34}},"26":{"start":{"line":74,"column":0},"end":{"line":74,"column":30}}},"fnMap":{"0":{"name":"checkUsernameCharacters","decl":{"start":{"line":4,"column":9},"end":{"line":4,"column":32}},"loc":{"start":{"line":4,"column":40},"end":{"line":6,"column":1}},"line":4},"1":{"name":"checkPasswordCharacters","decl":{"start":{"line":8,"column":9},"end":{"line":8,"column":32}},"loc":{"start":{"line":8,"column":40},"end":{"line":10,"column":1}},"line":8},"2":{"name":"checkRegisterInput","decl":{"start":{"line":12,"column":9},"end":{"line":12,"column":27}},"loc":{"start":{"line":12,"column":48},"end":{"line":18,"column":1}},"line":12},"3":{"name":"checkLoginInput","decl":{"start":{"line":20,"column":9},"end":{"line":20,"column":24}},"loc":{"start":{"line":20,"column":45},"end":{"line":26,"column":1}},"line":20},"4":{"name":"checkProfileInput","decl":{"start":{"line":28,"column":9},"end":{"line":28,"column":26}},"loc":{"start":{"line":28,"column":69},"end":{"line":38,"column":1}},"line":28},"5":{"name":"checkFuelQuoteFormInput","decl":{"start":{"line":40,"column":9},"end":{"line":40,"column":32}},"loc":{"start":{"line":40,"column":56},"end":{"line":42,"column":1}},"line":40},"6":{"name":"verifyToken","decl":{"start":{"line":44,"column":9},"end":{"line":44,"column":20}},"loc":{"start":{"line":44,"column":28},"end":{"line":51,"column":1}},"line":44},"7":{"name":"isNumber","decl":{"start":{"line":53,"column":9},"end":{"line":53,"column":17}},"loc":{"start":{"line":53,"column":25},"end":{"line":55,"column":1}},"line":53},"8":{"name":"calcPrice","decl":{"start":{"line":57,"column":9},"end":{"line":57,"column":18}},"loc":{"start":{"line":57,"column":49},"end":{"line":64,"column":1}},"line":57}},"branchMap":{"0":{"loc":{"start":{"line":14,"column":4},"end":{"line":16,"column":29}},"type":"binary-expr","locations":[{"start":{"line":14,"column":4},"end":{"line":14,"column":29}},{"start":{"line":15,"column":4},"end":{"line":15,"column":30}},{"start":{"line":16,"column":4},"end":{"line":16,"column":29}}],"line":14},"1":{"loc":{"start":{"line":22,"column":4},"end":{"line":24,"column":29}},"type":"binary-expr","locations":[{"start":{"line":22,"column":4},"end":{"line":22,"column":29}},{"start":{"line":23,"column":4},"end":{"line":23,"column":30}},{"start":{"line":24,"column":4},"end":{"line":24,"column":29}}],"line":22},"2":{"loc":{"start":{"line":30,"column":4},"end":{"line":36,"column":28}},"type":"binary-expr","locations":[{"start":{"line":30,"column":4},"end":{"line":30,"column":28}},{"start":{"line":31,"column":4},"end":{"line":31,"column":30}},{"start":{"line":32,"column":4},"end":{"line":32,"column":31}},{"start":{"line":33,"column":4},"end":{"line":33,"column":27}},{"start":{"line":34,"column":4},"end":{"line":34,"column":26}},{"start":{"line":35,"column":4},"end":{"line":35,"column":28}},{"start":{"line":36,"column":4},"end":{"line":36,"column":28}}],"line":30},"3":{"loc":{"start":{"line":41,"column":9},"end":{"line":41,"column":76}},"type":"binary-expr","locations":[{"start":{"line":41,"column":9},"end":{"line":41,"column":20}},{"start":{"line":41,"column":24},"end":{"line":41,"column":76}}],"line":41}},"s":{"0":2,"1":5,"2":7,"3":2,"4":3,"5":2,"6":2,"7":2,"8":2,"9":1,"10":1,"11":1,"12":1,"13":1,"14":1,"15":1,"16":1,"17":1,"18":2,"19":2,"20":2,"21":2,"22":2,"23":2,"24":2,"25":2,"26":2},"f":{"0":5,"1":7,"2":2,"3":3,"4":2,"5":2,"6":2,"7":1,"8":1},"b":{"0":[2,1,1],"1":[3,2,1],"2":[2,1,1,1,1,1,1],"3":[2,1]},"_coverageSchema":"1a1c01bbd47fc00a2c39e90264f33305004495a9","hash":"9625c772eeeab3990ba438f3d05a3c3e70178d84"}
}
