{"/Users/williamberquist/Desktop/Software Design COSC 4353/assignment 3/COSC4353Project/utils.js": {"path":"/Users/williamberquist/Desktop/Software Design COSC 4353/assignment 3/COSC4353Project/utils.js","statementMap":{"0":{"start":{"line":1,"column":12},"end":{"line":1,"column":35}},"1":{"start":{"line":5,"column":2},"end":{"line":5,"column":53}},"2":{"start":{"line":9,"column":2},"end":{"line":9,"column":51}},"3":{"start":{"line":13,"column":2},"end":{"line":13,"column":94}},"4":{"start":{"line":17,"column":2},"end":{"line":17,"column":94}},"5":{"start":{"line":21,"column":2},"end":{"line":21,"column":204}},"6":{"start":{"line":25,"column":2},"end":{"line":25,"column":79}},"7":{"start":{"line":29,"column":2},"end":{"line":34,"column":3}},"8":{"start":{"line":30,"column":4},"end":{"line":30,"column":49}},"9":{"start":{"line":32,"column":4},"end":{"line":32,"column":21}},"10":{"start":{"line":33,"column":4},"end":{"line":33,"column":16}},"11":{"start":{"line":38,"column":2},"end":{"line":38,"column":40}},"12":{"start":{"line":41,"column":0},"end":{"line":41,"column":48}},"13":{"start":{"line":42,"column":0},"end":{"line":42,"column":42}},"14":{"start":{"line":43,"column":0},"end":{"line":43,"column":46}},"15":{"start":{"line":44,"column":0},"end":{"line":44,"column":58}},"16":{"start":{"line":45,"column":0},"end":{"line":45,"column":28}},"17":{"start":{"line":46,"column":0},"end":{"line":46,"column":58}},"18":{"start":{"line":47,"column":0},"end":{"line":47,"column":58}},"19":{"start":{"line":48,"column":0},"end":{"line":48,"column":34}}},"fnMap":{"0":{"name":"checkUsernameCharacters","decl":{"start":{"line":4,"column":9},"end":{"line":4,"column":32}},"loc":{"start":{"line":4,"column":40},"end":{"line":6,"column":1}},"line":4},"1":{"name":"checkPasswordCharacters","decl":{"start":{"line":8,"column":9},"end":{"line":8,"column":32}},"loc":{"start":{"line":8,"column":40},"end":{"line":10,"column":1}},"line":8},"2":{"name":"checkRegisterInput","decl":{"start":{"line":12,"column":9},"end":{"line":12,"column":27}},"loc":{"start":{"line":12,"column":48},"end":{"line":14,"column":1}},"line":12},"3":{"name":"checkLoginInput","decl":{"start":{"line":16,"column":9},"end":{"line":16,"column":24}},"loc":{"start":{"line":16,"column":45},"end":{"line":18,"column":1}},"line":16},"4":{"name":"checkProfileInput","decl":{"start":{"line":20,"column":9},"end":{"line":20,"column":26}},"loc":{"start":{"line":20,"column":69},"end":{"line":22,"column":1}},"line":20},"5":{"name":"checkFuelQuoteFormInput","decl":{"start":{"line":24,"column":9},"end":{"line":24,"column":32}},"loc":{"start":{"line":24,"column":56},"end":{"line":26,"column":1}},"line":24},"6":{"name":"verifyToken","decl":{"start":{"line":28,"column":9},"end":{"line":28,"column":20}},"loc":{"start":{"line":28,"column":28},"end":{"line":35,"column":1}},"line":28},"7":{"name":"isNumber","decl":{"start":{"line":37,"column":9},"end":{"line":37,"column":17}},"loc":{"start":{"line":37,"column":25},"end":{"line":39,"column":1}},"line":37}},"branchMap":{"0":{"loc":{"start":{"line":13,"column":9},"end":{"line":13,"column":93}},"type":"binary-expr","locations":[{"start":{"line":13,"column":9},"end":{"line":13,"column":34}},{"start":{"line":13,"column":38},"end":{"line":13,"column":64}},{"start":{"line":13,"column":68},"end":{"line":13,"column":93}}],"line":13},"1":{"loc":{"start":{"line":17,"column":9},"end":{"line":17,"column":93}},"type":"binary-expr","locations":[{"start":{"line":17,"column":9},"end":{"line":17,"column":34}},{"start":{"line":17,"column":38},"end":{"line":17,"column":64}},{"start":{"line":17,"column":68},"end":{"line":17,"column":93}}],"line":17},"2":{"loc":{"start":{"line":21,"column":9},"end":{"line":21,"column":203}},"type":"binary-expr","locations":[{"start":{"line":21,"column":9},"end":{"line":21,"column":33}},{"start":{"line":21,"column":37},"end":{"line":21,"column":63}},{"start":{"line":21,"column":67},"end":{"line":21,"column":94}},{"start":{"line":21,"column":98},"end":{"line":21,"column":121}},{"start":{"line":21,"column":125},"end":{"line":21,"column":147}},{"start":{"line":21,"column":151},"end":{"line":21,"column":175}},{"start":{"line":21,"column":179},"end":{"line":21,"column":203}}],"line":21},"3":{"loc":{"start":{"line":25,"column":9},"end":{"line":25,"column":78}},"type":"binary-expr","locations":[{"start":{"line":25,"column":9},"end":{"line":25,"column":20}},{"start":{"line":25,"column":24},"end":{"line":25,"column":78}}],"line":25}},"s":{"0":2,"1":5,"2":7,"3":2,"4":3,"5":2,"6":2,"7":2,"8":2,"9":1,"10":1,"11":1,"12":2,"13":2,"14":2,"15":2,"16":2,"17":2,"18":2,"19":2},"f":{"0":5,"1":7,"2":2,"3":3,"4":2,"5":2,"6":2,"7":1},"b":{"0":[2,1,1],"1":[3,2,1],"2":[2,1,1,1,1,1,1],"3":[2,1]},"_coverageSchema":"1a1c01bbd47fc00a2c39e90264f33305004495a9","hash":"61a1f40d12595fc9f0f3f0dc92d101c30c566b54"}
}
