TN:
SF:utils.js
FN:3,checkUsernameCharacters
FN:7,checkPasswordCharacters
FN:11,checkRegisterInput
FN:15,checkLoginInput
FN:19,checkProfileInput
FN:23,checkFuelQuoteFormInput
FN:27,isNumber
FNF:7
FNH:7
FNDA:5,checkUsernameCharacters
FNDA:7,checkPasswordCharacters
FNDA:2,checkRegisterInput
FNDA:3,checkLoginInput
FNDA:2,checkProfileInput
FNDA:2,checkFuelQuoteFormInput
FNDA:1,isNumber
DA:1,1
DA:2,1
DA:3,5
DA:4,5
DA:5,5
DA:6,1
DA:7,7
DA:8,7
DA:9,7
DA:10,1
DA:11,2
DA:12,2
DA:13,2
DA:14,1
DA:15,3
DA:16,3
DA:17,3
DA:18,1
DA:19,2
DA:20,2
DA:21,2
DA:22,1
DA:23,2
DA:24,2
DA:25,2
DA:26,1
DA:27,1
DA:28,1
DA:29,1
DA:30,1
DA:31,1
DA:32,1
DA:33,1
DA:34,1
DA:35,1
DA:36,1
DA:37,1
LF:37
LH:37
BRDA:3,0,0,5
BRDA:7,1,0,7
BRDA:11,2,0,2
BRDA:12,3,0,1
BRDA:12,4,0,1
BRDA:15,5,0,3
BRDA:16,6,0,2
BRDA:16,7,0,1
BRDA:19,8,0,2
BRDA:20,9,0,1
BRDA:20,10,0,1
BRDA:20,11,0,1
BRDA:20,12,0,1
BRDA:20,13,0,1
BRDA:20,14,0,1
BRDA:23,15,0,2
BRDA:24,16,0,1
BRDA:27,17,0,1
BRF:18
BRH:18
end_of_record
