TN:
SF:utils.js
FN:4,checkUsernameCharacters
FN:8,checkPasswordCharacters
FN:12,checkRegisterInput
FN:16,checkLoginInput
FN:20,checkProfileInput
FN:24,checkFuelQuoteFormInput
FN:28,verifyToken
FN:37,isNumber
FNF:8
FNH:8
FNDA:5,checkUsernameCharacters
FNDA:7,checkPasswordCharacters
FNDA:2,checkRegisterInput
FNDA:3,checkLoginInput
FNDA:2,checkProfileInput
FNDA:2,checkFuelQuoteFormInput
FNDA:2,verifyToken
FNDA:1,isNumber
DA:1,2
DA:5,5
DA:9,7
DA:13,2
DA:17,3
DA:21,2
DA:25,2
DA:29,2
DA:30,2
DA:32,1
DA:33,1
DA:38,1
DA:41,2
DA:42,2
DA:43,2
DA:44,2
DA:45,2
DA:46,2
DA:47,2
DA:48,2
LF:20
LH:20
BRDA:13,0,0,2
BRDA:13,0,1,1
BRDA:13,0,2,1
BRDA:17,1,0,3
BRDA:17,1,1,2
BRDA:17,1,2,1
BRDA:21,2,0,2
BRDA:21,2,1,1
BRDA:21,2,2,1
BRDA:21,2,3,1
BRDA:21,2,4,1
BRDA:21,2,5,1
BRDA:21,2,6,1
BRDA:25,3,0,2
BRDA:25,3,1,1
BRF:15
BRH:15
end_of_record
